<?xml version="1.0" encoding="UTF-8"?>
<!-- Generated by org.testng.reporters.JUnitReportReporter -->
<testsuite hostname="Sandeep-PC" name="com.qa.testcases.Wait1" tests="1" failures="0" timestamp="4 Mar 2019 06:01:42 GMT" time="9.271" errors="0">
  <testcase name="tc1" time="9.271" classname="com.qa.testcases.Wait1"/>
</testsuite> <!-- com.qa.testcases.Wait1 -->
