<?xml version="1.0" encoding="UTF-8"?>
<!-- Generated by org.testng.reporters.JUnitReportReporter -->
<testsuite hostname="Sandeep-PC" name="com.qa.testcases.Testcase2" tests="1" failures="0" timestamp="2 Mar 2019 09:48:28 GMT" time="15.876" errors="0">
  <testcase name="test1" time="15.876" classname="com.qa.testcases.Testcase2"/>
</testsuite> <!-- com.qa.testcases.Testcase2 -->
