<?xml version="1.0" encoding="UTF-8"?>
<!-- Generated by org.testng.reporters.JUnitReportReporter -->
<testsuite hostname="Sandeep-PC" name="com.qa.testcases.WaitCase3" tests="1" failures="0" timestamp="4 Mar 2019 06:26:54 GMT" time="29.221" errors="0">
  <testcase name="tc_explicit_lesser_Implicit" time="29.221" classname="com.qa.testcases.WaitCase3"/>
</testsuite> <!-- com.qa.testcases.WaitCase3 -->
