<?xml version="1.0" encoding="UTF-8"?>
<!-- Generated by org.testng.reporters.JUnitReportReporter -->
<testsuite hostname="Sandeep-PC" name="com.qa.testcases.WaitCase1" tests="1" failures="0" timestamp="4 Mar 2019 06:08:08 GMT" time="18.781" errors="0">
  <testcase name="tc_same_wait_time" time="18.781" classname="com.qa.testcases.WaitCase1"/>
</testsuite> <!-- com.qa.testcases.WaitCase1 -->
