<?xml version="1.0" encoding="UTF-8"?>
<!-- Generated by org.testng.reporters.JUnitReportReporter -->
<testsuite hostname="Sandeep-PC" name="com.qa.testcases.WaitCase2" tests="1" failures="0" timestamp="4 Mar 2019 06:22:20 GMT" time="19.995" errors="0">
  <testcase name="tc_explicit_greater_Implicit" time="19.995" classname="com.qa.testcases.WaitCase2"/>
</testsuite> <!-- com.qa.testcases.WaitCase2 -->
