<?xml version="1.0" encoding="UTF-8"?>
<!-- Generated by org.testng.reporters.JUnitReportReporter -->
<testsuite hostname="Sandeep-PC" name="com.qa.testcases.Testcase2" tests="1" failures="0" timestamp="16 Apr 2019 05:42:45 GMT" time="56.581" errors="0">
  <testcase name="test2" time="56.581" classname="com.qa.testcases.Testcase2"/>
</testsuite> <!-- com.qa.testcases.Testcase2 -->
